[0.386s] Invoking command in '/home/avinash/ros2_ws/src/project': PYTHONPATH=/home/avinash/ros2_ws/build/project/prefix_override:/home/avinash/ros2_ws/install/project/lib/python3.10/site-packages:${PYTHONPATH} /usr/bin/python3 -W ignore:setup.py install is deprecated setup.py egg_info --egg-base ../../build/project build --build-base /home/avinash/ros2_ws/build/project/build install --record /home/avinash/ros2_ws/build/project/install.log --single-version-externally-managed install_data
[0.507s] running egg_info
[0.508s] writing ../../build/project/project.egg-info/PKG-INFO
[0.508s] writing dependency_links to ../../build/project/project.egg-info/dependency_links.txt
[0.508s] writing entry points to ../../build/project/project.egg-info/entry_points.txt
[0.508s] writing requirements to ../../build/project/project.egg-info/requires.txt
[0.508s] writing top-level names to ../../build/project/project.egg-info/top_level.txt
[0.509s] reading manifest file '../../build/project/project.egg-info/SOURCES.txt'
[0.510s] writing manifest file '../../build/project/project.egg-info/SOURCES.txt'
[0.510s] running build
[0.510s] running build_py
[0.510s] copying project/my_node.py -> /home/avinash/ros2_ws/build/project/build/lib/project
[0.510s] running install
[0.510s] running install_lib
[0.510s] copying /home/avinash/ros2_ws/build/project/build/lib/project/my_node.py -> /home/avinash/ros2_ws/install/project/lib/python3.10/site-packages/project
[0.511s] byte-compiling /home/avinash/ros2_ws/install/project/lib/python3.10/site-packages/project/my_node.py to my_node.cpython-310.pyc
[0.512s] running install_data
[0.512s] running install_egg_info
[0.513s] removing '/home/avinash/ros2_ws/install/project/lib/python3.10/site-packages/project-0.0.0-py3.10.egg-info' (and everything under it)
[0.513s] Copying ../../build/project/project.egg-info to /home/avinash/ros2_ws/install/project/lib/python3.10/site-packages/project-0.0.0-py3.10.egg-info
[0.513s] running install_scripts
[0.526s] Installing my_node script to /home/avinash/ros2_ws/install/project/lib/project
[0.526s] writing list of installed files to '/home/avinash/ros2_ws/build/project/install.log'
[0.543s] Invoked command in '/home/avinash/ros2_ws/src/project' returned '0': PYTHONPATH=/home/avinash/ros2_ws/build/project/prefix_override:/home/avinash/ros2_ws/install/project/lib/python3.10/site-packages:${PYTHONPATH} /usr/bin/python3 -W ignore:setup.py install is deprecated setup.py egg_info --egg-base ../../build/project build --build-base /home/avinash/ros2_ws/build/project/build install --record /home/avinash/ros2_ws/build/project/install.log --single-version-externally-managed install_data
