[0.009s] Invoking command in '/home/avinash/ros2_ws/build/turtlesim': CMAKE_PREFIX_PATH=/opt/ros/humble /usr/bin/cmake /home/avinash/ros2_ws/src/ros_tutorials/turtlesim -DCMAKE_INSTALL_PREFIX=/home/avinash/ros2_ws/install/turtlesim
[0.130s] -- The C compiler identification is GNU 11.4.0
[0.212s] -- The CXX compiler identification is GNU 11.4.0
[0.225s] -- Detecting C compiler ABI info
[0.275s] -- Detecting C compiler ABI info - done
[0.280s] -- Check for working C compiler: /usr/bin/cc - skipped
[0.281s] -- Detecting C compile features
[0.281s] -- Detecting C compile features - done
[0.284s] -- Detecting CXX compiler ABI info
[0.328s] -- Detecting CXX compiler ABI info - done
[0.333s] -- Check for working CXX compiler: /usr/bin/c++ - skipped
[0.334s] -- Detecting CXX compile features
[0.334s] -- Detecting CXX compile features - done
[0.340s] -- Found ament_cmake: 1.3.8 (/opt/ros/humble/share/ament_cmake/cmake)
[0.423s] -- Found Python3: /usr/bin/python3 (found version "3.10.12") found components: Interpreter 
[0.489s] -- Found ament_index_cpp: 1.4.0 (/opt/ros/humble/share/ament_index_cpp/cmake)
[0.491s] -- Found geometry_msgs: 4.2.3 (/opt/ros/humble/share/geometry_msgs/cmake)
[0.528s] -- Found rosidl_generator_c: 3.1.5 (/opt/ros/humble/share/rosidl_generator_c/cmake)
[0.535s] -- Found rosidl_adapter: 3.1.5 (/opt/ros/humble/share/rosidl_adapter/cmake)
[0.543s] -- Found rosidl_generator_cpp: 3.1.5 (/opt/ros/humble/share/rosidl_generator_cpp/cmake)
[0.557s] -- Using all available rosidl_typesupport_c: rosidl_typesupport_fastrtps_c;rosidl_typesupport_introspection_c
[0.575s] -- Using all available rosidl_typesupport_cpp: rosidl_typesupport_fastrtps_cpp;rosidl_typesupport_introspection_cpp
[0.694s] -- Found rclcpp: 16.0.8 (/opt/ros/humble/share/rclcpp/cmake)
[0.749s] -- Found rmw_implementation_cmake: 6.1.1 (/opt/ros/humble/share/rmw_implementation_cmake/cmake)
[0.752s] -- Found rmw_fastrtps_cpp: 6.2.6 (/opt/ros/humble/share/rmw_fastrtps_cpp/cmake)
[0.820s] -- Found OpenSSL: /usr/lib/aarch64-linux-gnu/libcrypto.so (found version "3.0.2")  
[0.840s] -- Found FastRTPS: /opt/ros/humble/include  
[0.870s] -- Using RMW implementation 'rmw_fastrtps_cpp' as default
[0.880s] -- Looking for pthread.h
[0.926s] -- Looking for pthread.h - found
[0.926s] -- Performing Test CMAKE_HAVE_LIBC_PTHREAD
[0.966s] -- Performing Test CMAKE_HAVE_LIBC_PTHREAD - Success
[0.966s] -- Found Threads: TRUE  
[1.075s] -- Found rclcpp_action: 16.0.8 (/opt/ros/humble/share/rclcpp_action/cmake)
[1.155s] -- Found rosidl_default_generators: 1.2.0 (/opt/ros/humble/share/rosidl_default_generators/cmake)
[1.163s] -- Found std_srvs: 4.2.3 (/opt/ros/humble/share/std_srvs/cmake)
[1.353s] -- Found ament_cmake_ros: 0.10.0 (/opt/ros/humble/share/ament_cmake_ros/cmake)
[1.529s] -- Using all available rosidl_typesupport_c: rosidl_typesupport_fastrtps_c;rosidl_typesupport_introspection_c
[1.596s] -- Using all available rosidl_typesupport_cpp: rosidl_typesupport_fastrtps_cpp;rosidl_typesupport_introspection_cpp
[1.608s] -- Found PythonInterp: /usr/bin/python3 (found suitable version "3.10.12", minimum required is "3.6") 
[1.610s] -- Found python_cmake_module: 0.10.0 (/opt/ros/humble/share/python_cmake_module/cmake)
[1.626s] -- Found PythonLibs: /usr/lib/aarch64-linux-gnu/libpython3.10.so (found suitable version "3.10.12", minimum required is "3.5") 
[1.626s] -- Using PYTHON_EXECUTABLE: /usr/bin/python3
[1.627s] -- Using PYTHON_INCLUDE_DIRS: /usr/include/python3.10
[1.627s] -- Using PYTHON_LIBRARIES: /usr/lib/aarch64-linux-gnu/libpython3.10.so
[1.637s] -- Found PythonExtra: .so  
[1.673s] -- Configuring done
[1.713s] -- Generating done
[1.715s] -- Build files have been written to: /home/avinash/ros2_ws/build/turtlesim
[1.721s] Invoked command in '/home/avinash/ros2_ws/build/turtlesim' returned '0': CMAKE_PREFIX_PATH=/opt/ros/humble /usr/bin/cmake /home/avinash/ros2_ws/src/ros_tutorials/turtlesim -DCMAKE_INSTALL_PREFIX=/home/avinash/ros2_ws/install/turtlesim
[1.722s] Invoking command in '/home/avinash/ros2_ws/build/turtlesim': CMAKE_PREFIX_PATH=/opt/ros/humble /usr/bin/cmake --build /home/avinash/ros2_ws/build/turtlesim -- -j4 -l4
[1.745s] [  1%] [34m[1mGenerating C code for ROS interfaces[0m
[1.755s] [  2%] [34m[1mGenerating C++ code for ROS interfaces[0m
[1.755s] [  1%] Built target ament_cmake_python_copy_turtlesim
[1.885s] running egg_info
[1.885s] creating turtlesim.egg-info
[1.886s] writing turtlesim.egg-info/PKG-INFO
[1.886s] writing dependency_links to turtlesim.egg-info/dependency_links.txt
[1.886s] writing top-level names to turtlesim.egg-info/top_level.txt
[1.886s] writing manifest file 'turtlesim.egg-info/SOURCES.txt'
[1.888s] reading manifest file 'turtlesim.egg-info/SOURCES.txt'
[1.888s] writing manifest file 'turtlesim.egg-info/SOURCES.txt'
[1.903s] [  2%] Built target ament_cmake_python_build_turtlesim_egg
[2.289s] [  2%] Built target turtlesim__cpp
[2.294s] [  3%] [34m[1mGenerating C++ type support dispatch for ROS interfaces[0m
[2.302s] [  4%] [34m[1mGenerating C++ type support for eProsima Fast-RTPS[0m
[2.307s] [  5%] [34m[1mGenerating C++ introspection for ROS interfaces[0m
[2.352s] [  6%] [32mBuilding C object CMakeFiles/turtlesim__rosidl_generator_c.dir/rosidl_generator_c/turtlesim/action/detail/rotate_absolute__functions.c.o[0m
[2.460s] [  7%] [32mBuilding C object CMakeFiles/turtlesim__rosidl_generator_c.dir/rosidl_generator_c/turtlesim/msg/detail/color__functions.c.o[0m
[2.494s] [  8%] [32mBuilding C object CMakeFiles/turtlesim__rosidl_generator_c.dir/rosidl_generator_c/turtlesim/msg/detail/pose__functions.c.o[0m
[2.522s] [  9%] [32mBuilding C object CMakeFiles/turtlesim__rosidl_generator_c.dir/rosidl_generator_c/turtlesim/srv/detail/kill__functions.c.o[0m
[2.569s] [ 10%] [32mBuilding C object CMakeFiles/turtlesim__rosidl_generator_c.dir/rosidl_generator_c/turtlesim/srv/detail/set_pen__functions.c.o[0m
[2.609s] [ 11%] [32mBuilding C object CMakeFiles/turtlesim__rosidl_generator_c.dir/rosidl_generator_c/turtlesim/srv/detail/spawn__functions.c.o[0m
[2.635s] [ 12%] [32mBuilding CXX object CMakeFiles/turtlesim__rosidl_typesupport_cpp.dir/rosidl_typesupport_cpp/turtlesim/action/rotate_absolute__type_support.cpp.o[0m
[2.648s] [ 13%] [32mBuilding C object CMakeFiles/turtlesim__rosidl_generator_c.dir/rosidl_generator_c/turtlesim/srv/detail/teleport_absolute__functions.c.o[0m
[2.687s] [ 14%] [32mBuilding C object CMakeFiles/turtlesim__rosidl_generator_c.dir/rosidl_generator_c/turtlesim/srv/detail/teleport_relative__functions.c.o[0m
[2.725s] [ 15%] [32m[1mLinking C shared library libturtlesim__rosidl_generator_c.so[0m
[2.752s] [ 15%] Built target turtlesim__rosidl_generator_c
[2.758s] [ 16%] [34m[1mGenerating C type support for eProsima Fast-RTPS[0m
[2.761s] [ 17%] [32mBuilding CXX object CMakeFiles/turtlesim__rosidl_typesupport_introspection_cpp.dir/rosidl_typesupport_introspection_cpp/turtlesim/action/detail/rotate_absolute__type_support.cpp.o[0m
[2.847s] [ 18%] [32mBuilding CXX object CMakeFiles/turtlesim__rosidl_typesupport_fastrtps_cpp.dir/rosidl_typesupport_fastrtps_cpp/turtlesim/action/detail/dds_fastrtps/rotate_absolute__type_support.cpp.o[0m
[3.031s] [ 19%] [32mBuilding CXX object CMakeFiles/turtlesim__rosidl_typesupport_cpp.dir/rosidl_typesupport_cpp/turtlesim/msg/color__type_support.cpp.o[0m
[3.168s] [ 20%] [32mBuilding CXX object CMakeFiles/turtlesim__rosidl_typesupport_introspection_cpp.dir/rosidl_typesupport_introspection_cpp/turtlesim/msg/detail/color__type_support.cpp.o[0m
[3.198s] [ 21%] [32mBuilding CXX object CMakeFiles/turtlesim__rosidl_typesupport_cpp.dir/rosidl_typesupport_cpp/turtlesim/msg/pose__type_support.cpp.o[0m
[3.244s] [ 22%] [32mBuilding CXX object CMakeFiles/turtlesim__rosidl_typesupport_fastrtps_cpp.dir/rosidl_typesupport_fastrtps_cpp/turtlesim/msg/detail/dds_fastrtps/color__type_support.cpp.o[0m
[3.351s] [ 23%] [32mBuilding CXX object CMakeFiles/turtlesim__rosidl_typesupport_cpp.dir/rosidl_typesupport_cpp/turtlesim/srv/kill__type_support.cpp.o[0m
[3.357s] [ 24%] [32mBuilding CXX object CMakeFiles/turtlesim__rosidl_typesupport_fastrtps_c.dir/rosidl_typesupport_fastrtps_c/turtlesim/action/detail/rotate_absolute__type_support_c.cpp.o[0m
[3.379s] [ 25%] [32mBuilding CXX object CMakeFiles/turtlesim__rosidl_typesupport_introspection_cpp.dir/rosidl_typesupport_introspection_cpp/turtlesim/msg/detail/pose__type_support.cpp.o[0m
[3.464s] [ 26%] [32mBuilding CXX object CMakeFiles/turtlesim__rosidl_typesupport_fastrtps_cpp.dir/rosidl_typesupport_fastrtps_cpp/turtlesim/msg/detail/dds_fastrtps/pose__type_support.cpp.o[0m
[3.502s] [ 27%] [32mBuilding CXX object CMakeFiles/turtlesim__rosidl_typesupport_cpp.dir/rosidl_typesupport_cpp/turtlesim/srv/set_pen__type_support.cpp.o[0m
[3.577s] [ 28%] [32mBuilding CXX object CMakeFiles/turtlesim__rosidl_typesupport_fastrtps_c.dir/rosidl_typesupport_fastrtps_c/turtlesim/msg/detail/color__type_support_c.cpp.o[0m
[3.580s] [ 29%] [32mBuilding CXX object CMakeFiles/turtlesim__rosidl_typesupport_introspection_cpp.dir/rosidl_typesupport_introspection_cpp/turtlesim/srv/detail/kill__type_support.cpp.o[0m
[3.650s] [ 30%] [32mBuilding CXX object CMakeFiles/turtlesim__rosidl_typesupport_cpp.dir/rosidl_typesupport_cpp/turtlesim/srv/spawn__type_support.cpp.o[0m
[3.678s] [ 31%] [32mBuilding CXX object CMakeFiles/turtlesim__rosidl_typesupport_fastrtps_cpp.dir/rosidl_typesupport_fastrtps_cpp/turtlesim/srv/detail/dds_fastrtps/kill__type_support.cpp.o[0m
[3.765s] [ 32%] [32mBuilding CXX object CMakeFiles/turtlesim__rosidl_typesupport_fastrtps_c.dir/rosidl_typesupport_fastrtps_c/turtlesim/msg/detail/pose__type_support_c.cpp.o[0m
[3.795s] [ 34%] [32mBuilding CXX object CMakeFiles/turtlesim__rosidl_typesupport_cpp.dir/rosidl_typesupport_cpp/turtlesim/srv/teleport_absolute__type_support.cpp.o[0m
[3.795s] [ 34%] [32mBuilding CXX object CMakeFiles/turtlesim__rosidl_typesupport_introspection_cpp.dir/rosidl_typesupport_introspection_cpp/turtlesim/srv/detail/set_pen__type_support.cpp.o[0m
[3.902s] [ 35%] [32mBuilding CXX object CMakeFiles/turtlesim__rosidl_typesupport_fastrtps_cpp.dir/rosidl_typesupport_fastrtps_cpp/turtlesim/srv/detail/dds_fastrtps/set_pen__type_support.cpp.o[0m
[3.937s] [ 36%] [32mBuilding CXX object CMakeFiles/turtlesim__rosidl_typesupport_cpp.dir/rosidl_typesupport_cpp/turtlesim/srv/teleport_relative__type_support.cpp.o[0m
[3.956s] [ 37%] [32mBuilding CXX object CMakeFiles/turtlesim__rosidl_typesupport_fastrtps_c.dir/rosidl_typesupport_fastrtps_c/turtlesim/srv/detail/kill__type_support_c.cpp.o[0m
[3.999s] [ 38%] [32mBuilding CXX object CMakeFiles/turtlesim__rosidl_typesupport_introspection_cpp.dir/rosidl_typesupport_introspection_cpp/turtlesim/srv/detail/spawn__type_support.cpp.o[0m
[4.080s] [ 39%] [32m[1mLinking CXX shared library libturtlesim__rosidl_typesupport_cpp.so[0m
[4.107s] [ 39%] Built target turtlesim__rosidl_typesupport_cpp
[4.113s] [ 40%] [34m[1mGenerating C introspection for ROS interfaces[0m
[4.127s] [ 41%] [32mBuilding CXX object CMakeFiles/turtlesim__rosidl_typesupport_fastrtps_cpp.dir/rosidl_typesupport_fastrtps_cpp/turtlesim/srv/detail/dds_fastrtps/spawn__type_support.cpp.o[0m
[4.165s] [ 42%] [32mBuilding CXX object CMakeFiles/turtlesim__rosidl_typesupport_fastrtps_c.dir/rosidl_typesupport_fastrtps_c/turtlesim/srv/detail/set_pen__type_support_c.cpp.o[0m
[4.203s] [ 43%] [32mBuilding CXX object CMakeFiles/turtlesim__rosidl_typesupport_introspection_cpp.dir/rosidl_typesupport_introspection_cpp/turtlesim/srv/detail/teleport_absolute__type_support.cpp.o[0m
[4.344s] [ 44%] [32mBuilding CXX object CMakeFiles/turtlesim__rosidl_typesupport_fastrtps_cpp.dir/rosidl_typesupport_fastrtps_cpp/turtlesim/srv/detail/dds_fastrtps/teleport_absolute__type_support.cpp.o[0m
[4.369s] [ 45%] [32mBuilding CXX object CMakeFiles/turtlesim__rosidl_typesupport_fastrtps_c.dir/rosidl_typesupport_fastrtps_c/turtlesim/srv/detail/spawn__type_support_c.cpp.o[0m
[4.405s] [ 46%] [32mBuilding CXX object CMakeFiles/turtlesim__rosidl_typesupport_introspection_cpp.dir/rosidl_typesupport_introspection_cpp/turtlesim/srv/detail/teleport_relative__type_support.cpp.o[0m
[4.562s] [ 47%] [32mBuilding CXX object CMakeFiles/turtlesim__rosidl_typesupport_fastrtps_cpp.dir/rosidl_typesupport_fastrtps_cpp/turtlesim/srv/detail/dds_fastrtps/teleport_relative__type_support.cpp.o[0m
[4.571s] [ 48%] [32mBuilding CXX object CMakeFiles/turtlesim__rosidl_typesupport_fastrtps_c.dir/rosidl_typesupport_fastrtps_c/turtlesim/srv/detail/teleport_absolute__type_support_c.cpp.o[0m
[4.603s] [ 49%] [32mBuilding C object CMakeFiles/turtlesim__rosidl_typesupport_introspection_c.dir/rosidl_typesupport_introspection_c/turtlesim/action/detail/rotate_absolute__type_support.c.o[0m
[4.607s] [ 50%] [32m[1mLinking CXX shared library libturtlesim__rosidl_typesupport_introspection_cpp.so[0m
[4.637s] [ 51%] [32mBuilding C object CMakeFiles/turtlesim__rosidl_typesupport_introspection_c.dir/rosidl_typesupport_introspection_c/turtlesim/msg/detail/color__type_support.c.o[0m
[4.654s] [ 51%] Built target turtlesim__rosidl_typesupport_introspection_cpp
[4.659s] [ 52%] [32mBuilding C object CMakeFiles/turtlesim__rosidl_typesupport_introspection_c.dir/rosidl_typesupport_introspection_c/turtlesim/msg/detail/pose__type_support.c.o[0m
[4.659s] [ 53%] [34m[1mGenerating C type support dispatch for ROS interfaces[0m
[4.681s] [ 54%] [32mBuilding C object CMakeFiles/turtlesim__rosidl_typesupport_introspection_c.dir/rosidl_typesupport_introspection_c/turtlesim/srv/detail/kill__type_support.c.o[0m
[4.704s] [ 55%] [32mBuilding C object CMakeFiles/turtlesim__rosidl_typesupport_introspection_c.dir/rosidl_typesupport_introspection_c/turtlesim/srv/detail/set_pen__type_support.c.o[0m
[4.726s] [ 56%] [32mBuilding C object CMakeFiles/turtlesim__rosidl_typesupport_introspection_c.dir/rosidl_typesupport_introspection_c/turtlesim/srv/detail/spawn__type_support.c.o[0m
[4.749s] [ 57%] [32mBuilding C object CMakeFiles/turtlesim__rosidl_typesupport_introspection_c.dir/rosidl_typesupport_introspection_c/turtlesim/srv/detail/teleport_absolute__type_support.c.o[0m
[4.762s] [ 58%] [32mBuilding CXX object CMakeFiles/turtlesim__rosidl_typesupport_fastrtps_c.dir/rosidl_typesupport_fastrtps_c/turtlesim/srv/detail/teleport_relative__type_support_c.cpp.o[0m
[4.771s] [ 59%] [32mBuilding C object CMakeFiles/turtlesim__rosidl_typesupport_introspection_c.dir/rosidl_typesupport_introspection_c/turtlesim/srv/detail/teleport_relative__type_support.c.o[0m
[4.793s] [ 60%] [32m[1mLinking C shared library libturtlesim__rosidl_typesupport_introspection_c.so[0m
[4.797s] [ 61%] [32m[1mLinking CXX shared library libturtlesim__rosidl_typesupport_fastrtps_cpp.so[0m
[4.815s] [ 61%] Built target turtlesim__rosidl_typesupport_introspection_c
[4.836s] [ 62%] [34m[1mGenerating include/turtlesim/moc_turtle_frame.cpp[0m
[4.844s] [ 62%] Built target turtlesim__rosidl_typesupport_fastrtps_cpp
[4.858s] [ 63%] [32mBuilding CXX object CMakeFiles/turtle_teleop_key.dir/tutorials/teleop_turtle_key.cpp.o[0m
[4.934s] [ 64%] [32mBuilding CXX object CMakeFiles/turtlesim_node.dir/src/turtlesim.cpp.o[0m
[4.956s] [ 65%] [32m[1mLinking CXX shared library libturtlesim__rosidl_typesupport_fastrtps_c.so[0m
[5.005s] [ 65%] Built target turtlesim__rosidl_typesupport_fastrtps_c
[5.009s] [ 66%] [32mBuilding CXX object CMakeFiles/turtlesim__rosidl_typesupport_c.dir/rosidl_typesupport_c/turtlesim/action/rotate_absolute__type_support.cpp.o[0m
[5.016s] [ 67%] [32mBuilding CXX object CMakeFiles/draw_square.dir/tutorials/draw_square.cpp.o[0m
[5.046s] [ 68%] [32mBuilding CXX object CMakeFiles/turtlesim__rosidl_typesupport_c.dir/rosidl_typesupport_c/turtlesim/msg/color__type_support.cpp.o[0m
[5.084s] [ 69%] [32mBuilding CXX object CMakeFiles/turtlesim__rosidl_typesupport_c.dir/rosidl_typesupport_c/turtlesim/msg/pose__type_support.cpp.o[0m
[5.124s] [ 70%] [32mBuilding CXX object CMakeFiles/turtlesim__rosidl_typesupport_c.dir/rosidl_typesupport_c/turtlesim/srv/kill__type_support.cpp.o[0m
[5.143s] [ 71%] [32mBuilding CXX object CMakeFiles/turtlesim__rosidl_typesupport_c.dir/rosidl_typesupport_c/turtlesim/srv/set_pen__type_support.cpp.o[0m
[5.182s] [ 72%] [32mBuilding CXX object CMakeFiles/turtlesim__rosidl_typesupport_c.dir/rosidl_typesupport_c/turtlesim/srv/spawn__type_support.cpp.o[0m
[5.202s] [ 73%] [32mBuilding CXX object CMakeFiles/turtlesim__rosidl_typesupport_c.dir/rosidl_typesupport_c/turtlesim/srv/teleport_absolute__type_support.cpp.o[0m
[5.223s] [ 74%] [32mBuilding CXX object CMakeFiles/turtlesim__rosidl_typesupport_c.dir/rosidl_typesupport_c/turtlesim/srv/teleport_relative__type_support.cpp.o[0m
[5.246s] [ 75%] [32m[1mLinking CXX shared library libturtlesim__rosidl_typesupport_c.so[0m
[5.283s] [ 75%] Built target turtlesim__rosidl_typesupport_c
[5.296s] [ 76%] [32mBuilding CXX object CMakeFiles/mimic.dir/tutorials/mimic.cpp.o[0m
[11.983s] [ 77%] [32mBuilding CXX object CMakeFiles/turtlesim_node.dir/src/turtle.cpp.o[0m
[14.000s] [ 78%] [32m[1mLinking CXX executable turtle_teleop_key[0m
[14.369s] [ 78%] Built target turtle_teleop_key
[14.384s] [ 78%] Built target turtlesim
[14.398s] [ 79%] [34m[1mGenerating Python code for ROS interfaces[0m
[15.892s] [ 79%] Built target turtlesim__py
[15.911s] [ 80%] [32mBuilding C object CMakeFiles/turtlesim__rosidl_generator_py.dir/rosidl_generator_py/turtlesim/action/_rotate_absolute_s.c.o[0m
[16.177s] [ 81%] [32mBuilding C object CMakeFiles/turtlesim__rosidl_generator_py.dir/rosidl_generator_py/turtlesim/msg/_color_s.c.o[0m
[16.289s] [ 82%] [32mBuilding C object CMakeFiles/turtlesim__rosidl_generator_py.dir/rosidl_generator_py/turtlesim/msg/_pose_s.c.o[0m
[16.412s] [ 83%] [32mBuilding C object CMakeFiles/turtlesim__rosidl_generator_py.dir/rosidl_generator_py/turtlesim/srv/_kill_s.c.o[0m
[16.521s] [ 84%] [32mBuilding C object CMakeFiles/turtlesim__rosidl_generator_py.dir/rosidl_generator_py/turtlesim/srv/_set_pen_s.c.o[0m
[16.654s] [ 85%] [32mBuilding C object CMakeFiles/turtlesim__rosidl_generator_py.dir/rosidl_generator_py/turtlesim/srv/_spawn_s.c.o[0m
[16.821s] [ 86%] [32mBuilding C object CMakeFiles/turtlesim__rosidl_generator_py.dir/rosidl_generator_py/turtlesim/srv/_teleport_absolute_s.c.o[0m
[16.937s] [ 87%] [32mBuilding C object CMakeFiles/turtlesim__rosidl_generator_py.dir/rosidl_generator_py/turtlesim/srv/_teleport_relative_s.c.o[0m
[17.046s] [ 88%] [32m[1mLinking C shared library rosidl_generator_py/turtlesim/libturtlesim__rosidl_generator_py.so[0m
[17.114s] [ 88%] Built target turtlesim__rosidl_generator_py
[17.130s] [ 89%] [32mBuilding C object CMakeFiles/turtlesim__rosidl_typesupport_fastrtps_c__pyext.dir/rosidl_generator_py/turtlesim/_turtlesim_s.ep.rosidl_typesupport_fastrtps_c.c.o[0m
[17.280s] [ 90%] [32m[1mLinking C shared library rosidl_generator_py/turtlesim/turtlesim_s__rosidl_typesupport_fastrtps_c.cpython-310-aarch64-linux-gnu.so[0m
[17.306s] [ 90%] Built target turtlesim__rosidl_typesupport_fastrtps_c__pyext
[17.319s] [ 91%] [32mBuilding C object CMakeFiles/turtlesim__rosidl_typesupport_introspection_c__pyext.dir/rosidl_generator_py/turtlesim/_turtlesim_s.ep.rosidl_typesupport_introspection_c.c.o[0m
[17.432s] [ 92%] [32m[1mLinking C shared library rosidl_generator_py/turtlesim/turtlesim_s__rosidl_typesupport_introspection_c.cpython-310-aarch64-linux-gnu.so[0m
[17.457s] [ 92%] Built target turtlesim__rosidl_typesupport_introspection_c__pyext
[17.471s] [ 93%] [32mBuilding C object CMakeFiles/turtlesim__rosidl_typesupport_c__pyext.dir/rosidl_generator_py/turtlesim/_turtlesim_s.ep.rosidl_typesupport_c.c.o[0m
[17.609s] [ 94%] [32m[1mLinking C shared library rosidl_generator_py/turtlesim/turtlesim_s__rosidl_typesupport_c.cpython-310-aarch64-linux-gnu.so[0m
[17.610s] [ 95%] [32m[1mLinking CXX executable mimic[0m
[17.642s] [ 95%] Built target turtlesim__rosidl_typesupport_c__pyext
[17.648s] [ 96%] [32mBuilding CXX object CMakeFiles/turtlesim_node.dir/src/turtle_frame.cpp.o[0m
[17.927s] [ 97%] [32m[1mLinking CXX executable draw_square[0m
[18.006s] [ 97%] Built target mimic
[18.014s] [ 98%] [32mBuilding CXX object CMakeFiles/turtlesim_node.dir/include/turtlesim/moc_turtle_frame.cpp.o[0m
[18.388s] [ 98%] Built target draw_square
[28.581s] [100%] [32m[1mLinking CXX executable turtlesim_node[0m
[30.067s] [100%] Built target turtlesim_node
[30.080s] Invoked command in '/home/avinash/ros2_ws/build/turtlesim' returned '0': CMAKE_PREFIX_PATH=/opt/ros/humble /usr/bin/cmake --build /home/avinash/ros2_ws/build/turtlesim -- -j4 -l4
[30.202s] Invoking command in '/home/avinash/ros2_ws/build/turtlesim': CMAKE_PREFIX_PATH=/opt/ros/humble /usr/bin/cmake --install /home/avinash/ros2_ws/build/turtlesim
[30.206s] -- Install configuration: ""
[30.207s] -- Installing: /home/avinash/ros2_ws/install/turtlesim/share/ament_index/resource_index/rosidl_interfaces/turtlesim
[30.207s] -- Installing: /home/avinash/ros2_ws/install/turtlesim/include/turtlesim/turtlesim
[30.207s] -- Installing: /home/avinash/ros2_ws/install/turtlesim/include/turtlesim/turtlesim/srv
[30.207s] -- Installing: /home/avinash/ros2_ws/install/turtlesim/include/turtlesim/turtlesim/srv/spawn.h
[30.207s] -- Installing: /home/avinash/ros2_ws/install/turtlesim/include/turtlesim/turtlesim/srv/kill.h
[30.207s] -- Installing: /home/avinash/ros2_ws/install/turtlesim/include/turtlesim/turtlesim/srv/teleport_absolute.h
[30.207s] -- Installing: /home/avinash/ros2_ws/install/turtlesim/include/turtlesim/turtlesim/srv/set_pen.h
[30.207s] -- Installing: /home/avinash/ros2_ws/install/turtlesim/include/turtlesim/turtlesim/srv/detail
[30.208s] -- Installing: /home/avinash/ros2_ws/install/turtlesim/include/turtlesim/turtlesim/srv/detail/teleport_absolute__type_support.h
[30.208s] -- Installing: /home/avinash/ros2_ws/install/turtlesim/include/turtlesim/turtlesim/srv/detail/teleport_relative__functions.h
[30.208s] -- Installing: /home/avinash/ros2_ws/install/turtlesim/include/turtlesim/turtlesim/srv/detail/teleport_absolute__functions.h
[30.208s] -- Installing: /home/avinash/ros2_ws/install/turtlesim/include/turtlesim/turtlesim/srv/detail/kill__struct.h
[30.208s] -- Installing: /home/avinash/ros2_ws/install/turtlesim/include/turtlesim/turtlesim/srv/detail/spawn__functions.c
[30.208s] -- Installing: /home/avinash/ros2_ws/install/turtlesim/include/turtlesim/turtlesim/srv/detail/teleport_relative__functions.c
[30.208s] -- Installing: /home/avinash/ros2_ws/install/turtlesim/include/turtlesim/turtlesim/srv/detail/teleport_relative__struct.h
[30.208s] -- Installing: /home/avinash/ros2_ws/install/turtlesim/include/turtlesim/turtlesim/srv/detail/spawn__type_support.h
[30.208s] -- Installing: /home/avinash/ros2_ws/install/turtlesim/include/turtlesim/turtlesim/srv/detail/set_pen__functions.c
[30.208s] -- Installing: /home/avinash/ros2_ws/install/turtlesim/include/turtlesim/turtlesim/srv/detail/set_pen__struct.h
[30.208s] -- Installing: /home/avinash/ros2_ws/install/turtlesim/include/turtlesim/turtlesim/srv/detail/kill__functions.h
[30.208s] -- Installing: /home/avinash/ros2_ws/install/turtlesim/include/turtlesim/turtlesim/srv/detail/spawn__struct.h
[30.208s] -- Installing: /home/avinash/ros2_ws/install/turtlesim/include/turtlesim/turtlesim/srv/detail/teleport_absolute__struct.h
[30.209s] -- Installing: /home/avinash/ros2_ws/install/turtlesim/include/turtlesim/turtlesim/srv/detail/set_pen__type_support.h
[30.209s] -- Installing: /home/avinash/ros2_ws/install/turtlesim/include/turtlesim/turtlesim/srv/detail/kill__functions.c
[30.209s] -- Installing: /home/avinash/ros2_ws/install/turtlesim/include/turtlesim/turtlesim/srv/detail/spawn__functions.h
[30.209s] -- Installing: /home/avinash/ros2_ws/install/turtlesim/include/turtlesim/turtlesim/srv/detail/teleport_absolute__functions.c
[30.209s] -- Installing: /home/avinash/ros2_ws/install/turtlesim/include/turtlesim/turtlesim/srv/detail/kill__type_support.h
[30.209s] -- Installing: /home/avinash/ros2_ws/install/turtlesim/include/turtlesim/turtlesim/srv/detail/teleport_relative__type_support.h
[30.209s] -- Installing: /home/avinash/ros2_ws/install/turtlesim/include/turtlesim/turtlesim/srv/detail/set_pen__functions.h
[30.209s] -- Installing: /home/avinash/ros2_ws/install/turtlesim/include/turtlesim/turtlesim/srv/teleport_relative.h
[30.209s] -- Installing: /home/avinash/ros2_ws/install/turtlesim/include/turtlesim/turtlesim/action
[30.209s] -- Installing: /home/avinash/ros2_ws/install/turtlesim/include/turtlesim/turtlesim/action/detail
[30.209s] -- Installing: /home/avinash/ros2_ws/install/turtlesim/include/turtlesim/turtlesim/action/detail/rotate_absolute__functions.h
[30.210s] -- Installing: /home/avinash/ros2_ws/install/turtlesim/include/turtlesim/turtlesim/action/detail/rotate_absolute__functions.c
[30.210s] -- Installing: /home/avinash/ros2_ws/install/turtlesim/include/turtlesim/turtlesim/action/detail/rotate_absolute__type_support.h
[30.210s] -- Installing: /home/avinash/ros2_ws/install/turtlesim/include/turtlesim/turtlesim/action/detail/rotate_absolute__struct.h
[30.210s] -- Installing: /home/avinash/ros2_ws/install/turtlesim/include/turtlesim/turtlesim/action/rotate_absolute.h
[30.210s] -- Installing: /home/avinash/ros2_ws/install/turtlesim/include/turtlesim/turtlesim/msg
[30.210s] -- Installing: /home/avinash/ros2_ws/install/turtlesim/include/turtlesim/turtlesim/msg/color.h
[30.210s] -- Installing: /home/avinash/ros2_ws/install/turtlesim/include/turtlesim/turtlesim/msg/pose.h
[30.210s] -- Installing: /home/avinash/ros2_ws/install/turtlesim/include/turtlesim/turtlesim/msg/detail
[30.210s] -- Installing: /home/avinash/ros2_ws/install/turtlesim/include/turtlesim/turtlesim/msg/detail/pose__functions.h
[30.210s] -- Installing: /home/avinash/ros2_ws/install/turtlesim/include/turtlesim/turtlesim/msg/detail/pose__functions.c
[30.210s] -- Installing: /home/avinash/ros2_ws/install/turtlesim/include/turtlesim/turtlesim/msg/detail/color__struct.h
[30.210s] -- Installing: /home/avinash/ros2_ws/install/turtlesim/include/turtlesim/turtlesim/msg/detail/pose__type_support.h
[30.210s] -- Installing: /home/avinash/ros2_ws/install/turtlesim/include/turtlesim/turtlesim/msg/detail/color__functions.c
[30.210s] -- Installing: /home/avinash/ros2_ws/install/turtlesim/include/turtlesim/turtlesim/msg/detail/color__functions.h
[30.210s] -- Installing: /home/avinash/ros2_ws/install/turtlesim/include/turtlesim/turtlesim/msg/detail/pose__struct.h
[30.210s] -- Installing: /home/avinash/ros2_ws/install/turtlesim/include/turtlesim/turtlesim/msg/detail/color__type_support.h
[30.210s] -- Installing: /home/avinash/ros2_ws/install/turtlesim/include/turtlesim/turtlesim/msg/rosidl_generator_c__visibility_control.h
[30.211s] -- Installing: /home/avinash/ros2_ws/install/turtlesim/share/turtlesim/environment/library_path.sh
[30.211s] -- Installing: /home/avinash/ros2_ws/install/turtlesim/share/turtlesim/environment/library_path.dsv
[30.211s] -- Installing: /home/avinash/ros2_ws/install/turtlesim/lib/libturtlesim__rosidl_generator_c.so
[30.211s] -- Set runtime path of "/home/avinash/ros2_ws/install/turtlesim/lib/libturtlesim__rosidl_generator_c.so" to ""
[30.211s] -- Up-to-date: /home/avinash/ros2_ws/install/turtlesim/include/turtlesim/turtlesim
[30.211s] -- Up-to-date: /home/avinash/ros2_ws/install/turtlesim/include/turtlesim/turtlesim/srv
[30.211s] -- Up-to-date: /home/avinash/ros2_ws/install/turtlesim/include/turtlesim/turtlesim/srv/detail
[30.211s] -- Installing: /home/avinash/ros2_ws/install/turtlesim/include/turtlesim/turtlesim/srv/detail/teleport_absolute__rosidl_typesupport_fastrtps_c.h
[30.212s] -- Installing: /home/avinash/ros2_ws/install/turtlesim/include/turtlesim/turtlesim/srv/detail/kill__rosidl_typesupport_fastrtps_c.h
[30.212s] -- Installing: /home/avinash/ros2_ws/install/turtlesim/include/turtlesim/turtlesim/srv/detail/spawn__rosidl_typesupport_fastrtps_c.h
[30.212s] -- Installing: /home/avinash/ros2_ws/install/turtlesim/include/turtlesim/turtlesim/srv/detail/teleport_relative__rosidl_typesupport_fastrtps_c.h
[30.212s] -- Installing: /home/avinash/ros2_ws/install/turtlesim/include/turtlesim/turtlesim/srv/detail/set_pen__rosidl_typesupport_fastrtps_c.h
[30.212s] -- Up-to-date: /home/avinash/ros2_ws/install/turtlesim/include/turtlesim/turtlesim/action
[30.212s] -- Up-to-date: /home/avinash/ros2_ws/install/turtlesim/include/turtlesim/turtlesim/action/detail
[30.212s] -- Installing: /home/avinash/ros2_ws/install/turtlesim/include/turtlesim/turtlesim/action/detail/rotate_absolute__rosidl_typesupport_fastrtps_c.h
[30.212s] -- Up-to-date: /home/avinash/ros2_ws/install/turtlesim/include/turtlesim/turtlesim/msg
[30.212s] -- Installing: /home/avinash/ros2_ws/install/turtlesim/include/turtlesim/turtlesim/msg/rosidl_typesupport_fastrtps_c__visibility_control.h
[30.212s] -- Up-to-date: /home/avinash/ros2_ws/install/turtlesim/include/turtlesim/turtlesim/msg/detail
[30.212s] -- Installing: /home/avinash/ros2_ws/install/turtlesim/include/turtlesim/turtlesim/msg/detail/color__rosidl_typesupport_fastrtps_c.h
[30.212s] -- Installing: /home/avinash/ros2_ws/install/turtlesim/include/turtlesim/turtlesim/msg/detail/pose__rosidl_typesupport_fastrtps_c.h
[30.212s] -- Installing: /home/avinash/ros2_ws/install/turtlesim/lib/libturtlesim__rosidl_typesupport_fastrtps_c.so
[30.212s] -- Set runtime path of "/home/avinash/ros2_ws/install/turtlesim/lib/libturtlesim__rosidl_typesupport_fastrtps_c.so" to ""
[30.212s] -- Up-to-date: /home/avinash/ros2_ws/install/turtlesim/include/turtlesim/turtlesim
[30.212s] -- Up-to-date: /home/avinash/ros2_ws/install/turtlesim/include/turtlesim/turtlesim/srv
[30.212s] -- Installing: /home/avinash/ros2_ws/install/turtlesim/include/turtlesim/turtlesim/srv/kill.hpp
[30.213s] -- Installing: /home/avinash/ros2_ws/install/turtlesim/include/turtlesim/turtlesim/srv/spawn.hpp
[30.213s] -- Installing: /home/avinash/ros2_ws/install/turtlesim/include/turtlesim/turtlesim/srv/set_pen.hpp
[30.213s] -- Up-to-date: /home/avinash/ros2_ws/install/turtlesim/include/turtlesim/turtlesim/srv/detail
[30.213s] -- Installing: /home/avinash/ros2_ws/install/turtlesim/include/turtlesim/turtlesim/srv/detail/teleport_relative__traits.hpp
[30.213s] -- Installing: /home/avinash/ros2_ws/install/turtlesim/include/turtlesim/turtlesim/srv/detail/kill__traits.hpp
[30.213s] -- Installing: /home/avinash/ros2_ws/install/turtlesim/include/turtlesim/turtlesim/srv/detail/teleport_absolute__struct.hpp
[30.213s] -- Installing: /home/avinash/ros2_ws/install/turtlesim/include/turtlesim/turtlesim/srv/detail/teleport_relative__struct.hpp
[30.213s] -- Installing: /home/avinash/ros2_ws/install/turtlesim/include/turtlesim/turtlesim/srv/detail/set_pen__struct.hpp
[30.213s] -- Installing: /home/avinash/ros2_ws/install/turtlesim/include/turtlesim/turtlesim/srv/detail/kill__builder.hpp
[30.213s] -- Installing: /home/avinash/ros2_ws/install/turtlesim/include/turtlesim/turtlesim/srv/detail/kill__struct.hpp
[30.213s] -- Installing: /home/avinash/ros2_ws/install/turtlesim/include/turtlesim/turtlesim/srv/detail/set_pen__traits.hpp
[30.213s] -- Installing: /home/avinash/ros2_ws/install/turtlesim/include/turtlesim/turtlesim/srv/detail/spawn__builder.hpp
[30.213s] -- Installing: /home/avinash/ros2_ws/install/turtlesim/include/turtlesim/turtlesim/srv/detail/teleport_absolute__traits.hpp
[30.213s] -- Installing: /home/avinash/ros2_ws/install/turtlesim/include/turtlesim/turtlesim/srv/detail/teleport_relative__builder.hpp
[30.213s] -- Installing: /home/avinash/ros2_ws/install/turtlesim/include/turtlesim/turtlesim/srv/detail/spawn__traits.hpp
[30.213s] -- Installing: /home/avinash/ros2_ws/install/turtlesim/include/turtlesim/turtlesim/srv/detail/teleport_absolute__builder.hpp
[30.214s] -- Installing: /home/avinash/ros2_ws/install/turtlesim/include/turtlesim/turtlesim/srv/detail/spawn__struct.hpp
[30.214s] -- Installing: /home/avinash/ros2_ws/install/turtlesim/include/turtlesim/turtlesim/srv/detail/set_pen__builder.hpp
[30.214s] -- Installing: /home/avinash/ros2_ws/install/turtlesim/include/turtlesim/turtlesim/srv/teleport_absolute.hpp
[30.214s] -- Installing: /home/avinash/ros2_ws/install/turtlesim/include/turtlesim/turtlesim/srv/teleport_relative.hpp
[30.214s] -- Up-to-date: /home/avinash/ros2_ws/install/turtlesim/include/turtlesim/turtlesim/action
[30.214s] -- Installing: /home/avinash/ros2_ws/install/turtlesim/include/turtlesim/turtlesim/action/rotate_absolute.hpp
[30.214s] -- Up-to-date: /home/avinash/ros2_ws/install/turtlesim/include/turtlesim/turtlesim/action/detail
[30.214s] -- Installing: /home/avinash/ros2_ws/install/turtlesim/include/turtlesim/turtlesim/action/detail/rotate_absolute__traits.hpp
[30.214s] -- Installing: /home/avinash/ros2_ws/install/turtlesim/include/turtlesim/turtlesim/action/detail/rotate_absolute__builder.hpp
[30.214s] -- Installing: /home/avinash/ros2_ws/install/turtlesim/include/turtlesim/turtlesim/action/detail/rotate_absolute__struct.hpp
[30.214s] -- Up-to-date: /home/avinash/ros2_ws/install/turtlesim/include/turtlesim/turtlesim/msg
[30.214s] -- Installing: /home/avinash/ros2_ws/install/turtlesim/include/turtlesim/turtlesim/msg/pose.hpp
[30.214s] -- Installing: /home/avinash/ros2_ws/install/turtlesim/include/turtlesim/turtlesim/msg/color.hpp
[30.214s] -- Up-to-date: /home/avinash/ros2_ws/install/turtlesim/include/turtlesim/turtlesim/msg/detail
[30.214s] -- Installing: /home/avinash/ros2_ws/install/turtlesim/include/turtlesim/turtlesim/msg/detail/pose__builder.hpp
[30.214s] -- Installing: /home/avinash/ros2_ws/install/turtlesim/include/turtlesim/turtlesim/msg/detail/pose__traits.hpp
[30.214s] -- Installing: /home/avinash/ros2_ws/install/turtlesim/include/turtlesim/turtlesim/msg/detail/color__struct.hpp
[30.214s] -- Installing: /home/avinash/ros2_ws/install/turtlesim/include/turtlesim/turtlesim/msg/detail/color__traits.hpp
[30.215s] -- Installing: /home/avinash/ros2_ws/install/turtlesim/include/turtlesim/turtlesim/msg/detail/pose__struct.hpp
[30.215s] -- Installing: /home/avinash/ros2_ws/install/turtlesim/include/turtlesim/turtlesim/msg/detail/color__builder.hpp
[30.215s] -- Up-to-date: /home/avinash/ros2_ws/install/turtlesim/include/turtlesim/turtlesim
[30.215s] -- Up-to-date: /home/avinash/ros2_ws/install/turtlesim/include/turtlesim/turtlesim/srv
[30.215s] -- Up-to-date: /home/avinash/ros2_ws/install/turtlesim/include/turtlesim/turtlesim/srv/detail
[30.215s] -- Installing: /home/avinash/ros2_ws/install/turtlesim/include/turtlesim/turtlesim/srv/detail/kill__rosidl_typesupport_fastrtps_cpp.hpp
[30.215s] -- Installing: /home/avinash/ros2_ws/install/turtlesim/include/turtlesim/turtlesim/srv/detail/spawn__rosidl_typesupport_fastrtps_cpp.hpp
[30.215s] -- Installing: /home/avinash/ros2_ws/install/turtlesim/include/turtlesim/turtlesim/srv/detail/dds_fastrtps
[30.215s] -- Installing: /home/avinash/ros2_ws/install/turtlesim/include/turtlesim/turtlesim/srv/detail/teleport_absolute__rosidl_typesupport_fastrtps_cpp.hpp
[30.215s] -- Installing: /home/avinash/ros2_ws/install/turtlesim/include/turtlesim/turtlesim/srv/detail/set_pen__rosidl_typesupport_fastrtps_cpp.hpp
[30.215s] -- Installing: /home/avinash/ros2_ws/install/turtlesim/include/turtlesim/turtlesim/srv/detail/teleport_relative__rosidl_typesupport_fastrtps_cpp.hpp
[30.215s] -- Up-to-date: /home/avinash/ros2_ws/install/turtlesim/include/turtlesim/turtlesim/action
[30.215s] -- Up-to-date: /home/avinash/ros2_ws/install/turtlesim/include/turtlesim/turtlesim/action/detail
[30.215s] -- Installing: /home/avinash/ros2_ws/install/turtlesim/include/turtlesim/turtlesim/action/detail/dds_fastrtps
[30.216s] -- Installing: /home/avinash/ros2_ws/install/turtlesim/include/turtlesim/turtlesim/action/detail/rotate_absolute__rosidl_typesupport_fastrtps_cpp.hpp
[30.216s] -- Up-to-date: /home/avinash/ros2_ws/install/turtlesim/include/turtlesim/turtlesim/msg
[30.216s] -- Installing: /home/avinash/ros2_ws/install/turtlesim/include/turtlesim/turtlesim/msg/rosidl_typesupport_fastrtps_cpp__visibility_control.h
[30.216s] -- Up-to-date: /home/avinash/ros2_ws/install/turtlesim/include/turtlesim/turtlesim/msg/detail
[30.216s] -- Installing: /home/avinash/ros2_ws/install/turtlesim/include/turtlesim/turtlesim/msg/detail/dds_fastrtps
[30.216s] -- Installing: /home/avinash/ros2_ws/install/turtlesim/include/turtlesim/turtlesim/msg/detail/pose__rosidl_typesupport_fastrtps_cpp.hpp
[30.216s] -- Installing: /home/avinash/ros2_ws/install/turtlesim/include/turtlesim/turtlesim/msg/detail/color__rosidl_typesupport_fastrtps_cpp.hpp
[30.216s] -- Installing: /home/avinash/ros2_ws/install/turtlesim/lib/libturtlesim__rosidl_typesupport_fastrtps_cpp.so
[30.216s] -- Set runtime path of "/home/avinash/ros2_ws/install/turtlesim/lib/libturtlesim__rosidl_typesupport_fastrtps_cpp.so" to ""
[30.216s] -- Up-to-date: /home/avinash/ros2_ws/install/turtlesim/include/turtlesim/turtlesim
[30.216s] -- Up-to-date: /home/avinash/ros2_ws/install/turtlesim/include/turtlesim/turtlesim/srv
[30.216s] -- Up-to-date: /home/avinash/ros2_ws/install/turtlesim/include/turtlesim/turtlesim/srv/detail
[30.216s] -- Installing: /home/avinash/ros2_ws/install/turtlesim/include/turtlesim/turtlesim/srv/detail/kill__type_support.c
[30.217s] -- Installing: /home/avinash/ros2_ws/install/turtlesim/include/turtlesim/turtlesim/srv/detail/teleport_relative__type_support.c
[30.217s] -- Installing: /home/avinash/ros2_ws/install/turtlesim/include/turtlesim/turtlesim/srv/detail/spawn__type_support.c
[30.217s] -- Installing: /home/avinash/ros2_ws/install/turtlesim/include/turtlesim/turtlesim/srv/detail/set_pen__type_support.c
[30.217s] -- Installing: /home/avinash/ros2_ws/install/turtlesim/include/turtlesim/turtlesim/srv/detail/set_pen__rosidl_typesupport_introspection_c.h
[30.217s] -- Installing: /home/avinash/ros2_ws/install/turtlesim/include/turtlesim/turtlesim/srv/detail/teleport_relative__rosidl_typesupport_introspection_c.h
[30.217s] -- Installing: /home/avinash/ros2_ws/install/turtlesim/include/turtlesim/turtlesim/srv/detail/teleport_absolute__rosidl_typesupport_introspection_c.h
[30.217s] -- Installing: /home/avinash/ros2_ws/install/turtlesim/include/turtlesim/turtlesim/srv/detail/kill__rosidl_typesupport_introspection_c.h
[30.217s] -- Installing: /home/avinash/ros2_ws/install/turtlesim/include/turtlesim/turtlesim/srv/detail/spawn__rosidl_typesupport_introspection_c.h
[30.217s] -- Installing: /home/avinash/ros2_ws/install/turtlesim/include/turtlesim/turtlesim/srv/detail/teleport_absolute__type_support.c
[30.217s] -- Up-to-date: /home/avinash/ros2_ws/install/turtlesim/include/turtlesim/turtlesim/action
[30.217s] -- Up-to-date: /home/avinash/ros2_ws/install/turtlesim/include/turtlesim/turtlesim/action/detail
[30.217s] -- Installing: /home/avinash/ros2_ws/install/turtlesim/include/turtlesim/turtlesim/action/detail/rotate_absolute__rosidl_typesupport_introspection_c.h
[30.217s] -- Installing: /home/avinash/ros2_ws/install/turtlesim/include/turtlesim/turtlesim/action/detail/rotate_absolute__type_support.c
[30.217s] -- Up-to-date: /home/avinash/ros2_ws/install/turtlesim/include/turtlesim/turtlesim/msg
[30.218s] -- Up-to-date: /home/avinash/ros2_ws/install/turtlesim/include/turtlesim/turtlesim/msg/detail
[30.218s] -- Installing: /home/avinash/ros2_ws/install/turtlesim/include/turtlesim/turtlesim/msg/detail/color__type_support.c
[30.218s] -- Installing: /home/avinash/ros2_ws/install/turtlesim/include/turtlesim/turtlesim/msg/detail/pose__type_support.c
[30.218s] -- Installing: /home/avinash/ros2_ws/install/turtlesim/include/turtlesim/turtlesim/msg/detail/pose__rosidl_typesupport_introspection_c.h
[30.218s] -- Installing: /home/avinash/ros2_ws/install/turtlesim/include/turtlesim/turtlesim/msg/detail/color__rosidl_typesupport_introspection_c.h
[30.218s] -- Installing: /home/avinash/ros2_ws/install/turtlesim/include/turtlesim/turtlesim/msg/rosidl_typesupport_introspection_c__visibility_control.h
[30.218s] -- Installing: /home/avinash/ros2_ws/install/turtlesim/lib/libturtlesim__rosidl_typesupport_introspection_c.so
[30.218s] -- Set runtime path of "/home/avinash/ros2_ws/install/turtlesim/lib/libturtlesim__rosidl_typesupport_introspection_c.so" to ""
[30.218s] -- Installing: /home/avinash/ros2_ws/install/turtlesim/lib/libturtlesim__rosidl_typesupport_c.so
[30.218s] -- Set runtime path of "/home/avinash/ros2_ws/install/turtlesim/lib/libturtlesim__rosidl_typesupport_c.so" to ""
[30.218s] -- Up-to-date: /home/avinash/ros2_ws/install/turtlesim/include/turtlesim/turtlesim
[30.218s] -- Up-to-date: /home/avinash/ros2_ws/install/turtlesim/include/turtlesim/turtlesim/srv
[30.218s] -- Up-to-date: /home/avinash/ros2_ws/install/turtlesim/include/turtlesim/turtlesim/srv/detail
[30.218s] -- Installing: /home/avinash/ros2_ws/install/turtlesim/include/turtlesim/turtlesim/srv/detail/spawn__rosidl_typesupport_introspection_cpp.hpp
[30.218s] -- Installing: /home/avinash/ros2_ws/install/turtlesim/include/turtlesim/turtlesim/srv/detail/set_pen__rosidl_typesupport_introspection_cpp.hpp
[30.218s] -- Installing: /home/avinash/ros2_ws/install/turtlesim/include/turtlesim/turtlesim/srv/detail/teleport_relative__rosidl_typesupport_introspection_cpp.hpp
[30.219s] -- Installing: /home/avinash/ros2_ws/install/turtlesim/include/turtlesim/turtlesim/srv/detail/teleport_absolute__type_support.cpp
[30.219s] -- Installing: /home/avinash/ros2_ws/install/turtlesim/include/turtlesim/turtlesim/srv/detail/spawn__type_support.cpp
[30.219s] -- Installing: /home/avinash/ros2_ws/install/turtlesim/include/turtlesim/turtlesim/srv/detail/teleport_relative__type_support.cpp
[30.219s] -- Installing: /home/avinash/ros2_ws/install/turtlesim/include/turtlesim/turtlesim/srv/detail/teleport_absolute__rosidl_typesupport_introspection_cpp.hpp
[30.219s] -- Installing: /home/avinash/ros2_ws/install/turtlesim/include/turtlesim/turtlesim/srv/detail/kill__rosidl_typesupport_introspection_cpp.hpp
[30.219s] -- Installing: /home/avinash/ros2_ws/install/turtlesim/include/turtlesim/turtlesim/srv/detail/kill__type_support.cpp
[30.219s] -- Installing: /home/avinash/ros2_ws/install/turtlesim/include/turtlesim/turtlesim/srv/detail/set_pen__type_support.cpp
[30.219s] -- Up-to-date: /home/avinash/ros2_ws/install/turtlesim/include/turtlesim/turtlesim/action
[30.219s] -- Up-to-date: /home/avinash/ros2_ws/install/turtlesim/include/turtlesim/turtlesim/action/detail
[30.219s] -- Installing: /home/avinash/ros2_ws/install/turtlesim/include/turtlesim/turtlesim/action/detail/rotate_absolute__rosidl_typesupport_introspection_cpp.hpp
[30.219s] -- Installing: /home/avinash/ros2_ws/install/turtlesim/include/turtlesim/turtlesim/action/detail/rotate_absolute__type_support.cpp
[30.219s] -- Up-to-date: /home/avinash/ros2_ws/install/turtlesim/include/turtlesim/turtlesim/msg
[30.219s] -- Up-to-date: /home/avinash/ros2_ws/install/turtlesim/include/turtlesim/turtlesim/msg/detail
[30.219s] -- Installing: /home/avinash/ros2_ws/install/turtlesim/include/turtlesim/turtlesim/msg/detail/color__rosidl_typesupport_introspection_cpp.hpp
[30.219s] -- Installing: /home/avinash/ros2_ws/install/turtlesim/include/turtlesim/turtlesim/msg/detail/pose__type_support.cpp
[30.219s] -- Installing: /home/avinash/ros2_ws/install/turtlesim/include/turtlesim/turtlesim/msg/detail/color__type_support.cpp
[30.220s] -- Installing: /home/avinash/ros2_ws/install/turtlesim/include/turtlesim/turtlesim/msg/detail/pose__rosidl_typesupport_introspection_cpp.hpp
[30.220s] -- Installing: /home/avinash/ros2_ws/install/turtlesim/lib/libturtlesim__rosidl_typesupport_introspection_cpp.so
[30.220s] -- Set runtime path of "/home/avinash/ros2_ws/install/turtlesim/lib/libturtlesim__rosidl_typesupport_introspection_cpp.so" to ""
[30.220s] -- Installing: /home/avinash/ros2_ws/install/turtlesim/lib/libturtlesim__rosidl_typesupport_cpp.so
[30.220s] -- Set runtime path of "/home/avinash/ros2_ws/install/turtlesim/lib/libturtlesim__rosidl_typesupport_cpp.so" to ""
[30.220s] -- Installing: /home/avinash/ros2_ws/install/turtlesim/share/turtlesim/environment/pythonpath.sh
[30.220s] -- Installing: /home/avinash/ros2_ws/install/turtlesim/share/turtlesim/environment/pythonpath.dsv
[30.220s] -- Installing: /home/avinash/ros2_ws/install/turtlesim/local/lib/python3.10/dist-packages/turtlesim-1.4.2-py3.10.egg-info
[30.221s] -- Installing: /home/avinash/ros2_ws/install/turtlesim/local/lib/python3.10/dist-packages/turtlesim-1.4.2-py3.10.egg-info/PKG-INFO
[30.221s] -- Installing: /home/avinash/ros2_ws/install/turtlesim/local/lib/python3.10/dist-packages/turtlesim-1.4.2-py3.10.egg-info/SOURCES.txt
[30.221s] -- Installing: /home/avinash/ros2_ws/install/turtlesim/local/lib/python3.10/dist-packages/turtlesim-1.4.2-py3.10.egg-info/top_level.txt
[30.221s] -- Installing: /home/avinash/ros2_ws/install/turtlesim/local/lib/python3.10/dist-packages/turtlesim-1.4.2-py3.10.egg-info/dependency_links.txt
[30.221s] -- Installing: /home/avinash/ros2_ws/install/turtlesim/local/lib/python3.10/dist-packages/turtlesim
[30.221s] -- Installing: /home/avinash/ros2_ws/install/turtlesim/local/lib/python3.10/dist-packages/turtlesim/srv
[30.221s] -- Installing: /home/avinash/ros2_ws/install/turtlesim/local/lib/python3.10/dist-packages/turtlesim/srv/_spawn.py
[30.221s] -- Installing: /home/avinash/ros2_ws/install/turtlesim/local/lib/python3.10/dist-packages/turtlesim/srv/_spawn_s.c
[30.221s] -- Installing: /home/avinash/ros2_ws/install/turtlesim/local/lib/python3.10/dist-packages/turtlesim/srv/_teleport_absolute_s.c
[30.221s] -- Installing: /home/avinash/ros2_ws/install/turtlesim/local/lib/python3.10/dist-packages/turtlesim/srv/_set_pen_s.c
[30.221s] -- Installing: /home/avinash/ros2_ws/install/turtlesim/local/lib/python3.10/dist-packages/turtlesim/srv/_teleport_absolute.py
[30.221s] -- Installing: /home/avinash/ros2_ws/install/turtlesim/local/lib/python3.10/dist-packages/turtlesim/srv/_kill_s.c
[30.221s] -- Installing: /home/avinash/ros2_ws/install/turtlesim/local/lib/python3.10/dist-packages/turtlesim/srv/_teleport_relative.py
[30.221s] -- Installing: /home/avinash/ros2_ws/install/turtlesim/local/lib/python3.10/dist-packages/turtlesim/srv/__init__.py
[30.222s] -- Installing: /home/avinash/ros2_ws/install/turtlesim/local/lib/python3.10/dist-packages/turtlesim/srv/_set_pen.py
[30.222s] -- Installing: /home/avinash/ros2_ws/install/turtlesim/local/lib/python3.10/dist-packages/turtlesim/srv/_teleport_relative_s.c
[30.222s] -- Installing: /home/avinash/ros2_ws/install/turtlesim/local/lib/python3.10/dist-packages/turtlesim/srv/_kill.py
[30.222s] -- Installing: /home/avinash/ros2_ws/install/turtlesim/local/lib/python3.10/dist-packages/turtlesim/_turtlesim_s.ep.rosidl_typesupport_fastrtps_c.c
[30.222s] -- Installing: /home/avinash/ros2_ws/install/turtlesim/local/lib/python3.10/dist-packages/turtlesim/_turtlesim_s.ep.rosidl_typesupport_c.c
[30.222s] -- Installing: /home/avinash/ros2_ws/install/turtlesim/local/lib/python3.10/dist-packages/turtlesim/turtlesim_s__rosidl_typesupport_c.cpython-310-aarch64-linux-gnu.so
[30.222s] -- Installing: /home/avinash/ros2_ws/install/turtlesim/local/lib/python3.10/dist-packages/turtlesim/turtlesim_s__rosidl_typesupport_fastrtps_c.cpython-310-aarch64-linux-gnu.so
[30.222s] -- Installing: /home/avinash/ros2_ws/install/turtlesim/local/lib/python3.10/dist-packages/turtlesim/action
[30.222s] -- Installing: /home/avinash/ros2_ws/install/turtlesim/local/lib/python3.10/dist-packages/turtlesim/action/_rotate_absolute_s.c
[30.222s] -- Installing: /home/avinash/ros2_ws/install/turtlesim/local/lib/python3.10/dist-packages/turtlesim/action/_rotate_absolute.py
[30.223s] -- Installing: /home/avinash/ros2_ws/install/turtlesim/local/lib/python3.10/dist-packages/turtlesim/action/__init__.py
[30.223s] -- Installing: /home/avinash/ros2_ws/install/turtlesim/local/lib/python3.10/dist-packages/turtlesim/msg
[30.223s] -- Installing: /home/avinash/ros2_ws/install/turtlesim/local/lib/python3.10/dist-packages/turtlesim/msg/_color_s.c
[30.223s] -- Installing: /home/avinash/ros2_ws/install/turtlesim/local/lib/python3.10/dist-packages/turtlesim/msg/_pose.py
[30.223s] -- Installing: /home/avinash/ros2_ws/install/turtlesim/local/lib/python3.10/dist-packages/turtlesim/msg/_color.py
[30.223s] -- Installing: /home/avinash/ros2_ws/install/turtlesim/local/lib/python3.10/dist-packages/turtlesim/msg/__init__.py
[30.223s] -- Installing: /home/avinash/ros2_ws/install/turtlesim/local/lib/python3.10/dist-packages/turtlesim/msg/_pose_s.c
[30.223s] -- Installing: /home/avinash/ros2_ws/install/turtlesim/local/lib/python3.10/dist-packages/turtlesim/libturtlesim__rosidl_generator_py.so
[30.223s] -- Installing: /home/avinash/ros2_ws/install/turtlesim/local/lib/python3.10/dist-packages/turtlesim/_turtlesim_s.ep.rosidl_typesupport_introspection_c.c
[30.223s] -- Installing: /home/avinash/ros2_ws/install/turtlesim/local/lib/python3.10/dist-packages/turtlesim/__init__.py
[30.223s] -- Installing: /home/avinash/ros2_ws/install/turtlesim/local/lib/python3.10/dist-packages/turtlesim/turtlesim_s__rosidl_typesupport_introspection_c.cpython-310-aarch64-linux-gnu.so
[30.259s] Listing '/home/avinash/ros2_ws/install/turtlesim/local/lib/python3.10/dist-packages/turtlesim'...
[30.259s] Compiling '/home/avinash/ros2_ws/install/turtlesim/local/lib/python3.10/dist-packages/turtlesim/__init__.py'...
[30.259s] Listing '/home/avinash/ros2_ws/install/turtlesim/local/lib/python3.10/dist-packages/turtlesim/action'...
[30.260s] Compiling '/home/avinash/ros2_ws/install/turtlesim/local/lib/python3.10/dist-packages/turtlesim/action/__init__.py'...
[30.260s] Compiling '/home/avinash/ros2_ws/install/turtlesim/local/lib/python3.10/dist-packages/turtlesim/action/_rotate_absolute.py'...
[30.260s] Listing '/home/avinash/ros2_ws/install/turtlesim/local/lib/python3.10/dist-packages/turtlesim/msg'...
[30.260s] Compiling '/home/avinash/ros2_ws/install/turtlesim/local/lib/python3.10/dist-packages/turtlesim/msg/__init__.py'...
[30.260s] Compiling '/home/avinash/ros2_ws/install/turtlesim/local/lib/python3.10/dist-packages/turtlesim/msg/_color.py'...
[30.260s] Compiling '/home/avinash/ros2_ws/install/turtlesim/local/lib/python3.10/dist-packages/turtlesim/msg/_pose.py'...
[30.260s] Listing '/home/avinash/ros2_ws/install/turtlesim/local/lib/python3.10/dist-packages/turtlesim/srv'...
[30.260s] Compiling '/home/avinash/ros2_ws/install/turtlesim/local/lib/python3.10/dist-packages/turtlesim/srv/__init__.py'...
[30.260s] Compiling '/home/avinash/ros2_ws/install/turtlesim/local/lib/python3.10/dist-packages/turtlesim/srv/_kill.py'...
[30.260s] Compiling '/home/avinash/ros2_ws/install/turtlesim/local/lib/python3.10/dist-packages/turtlesim/srv/_set_pen.py'...
[30.260s] Compiling '/home/avinash/ros2_ws/install/turtlesim/local/lib/python3.10/dist-packages/turtlesim/srv/_spawn.py'...
[30.260s] Compiling '/home/avinash/ros2_ws/install/turtlesim/local/lib/python3.10/dist-packages/turtlesim/srv/_teleport_absolute.py'...
[30.260s] Compiling '/home/avinash/ros2_ws/install/turtlesim/local/lib/python3.10/dist-packages/turtlesim/srv/_teleport_relative.py'...
[30.263s] -- Installing: /home/avinash/ros2_ws/install/turtlesim/local/lib/python3.10/dist-packages/turtlesim/turtlesim_s__rosidl_typesupport_fastrtps_c.cpython-310-aarch64-linux-gnu.so
[30.263s] -- Set runtime path of "/home/avinash/ros2_ws/install/turtlesim/local/lib/python3.10/dist-packages/turtlesim/turtlesim_s__rosidl_typesupport_fastrtps_c.cpython-310-aarch64-linux-gnu.so" to ""
[30.263s] -- Installing: /home/avinash/ros2_ws/install/turtlesim/local/lib/python3.10/dist-packages/turtlesim/turtlesim_s__rosidl_typesupport_introspection_c.cpython-310-aarch64-linux-gnu.so
[30.263s] -- Set runtime path of "/home/avinash/ros2_ws/install/turtlesim/local/lib/python3.10/dist-packages/turtlesim/turtlesim_s__rosidl_typesupport_introspection_c.cpython-310-aarch64-linux-gnu.so" to ""
[30.264s] -- Installing: /home/avinash/ros2_ws/install/turtlesim/local/lib/python3.10/dist-packages/turtlesim/turtlesim_s__rosidl_typesupport_c.cpython-310-aarch64-linux-gnu.so
[30.264s] -- Set runtime path of "/home/avinash/ros2_ws/install/turtlesim/local/lib/python3.10/dist-packages/turtlesim/turtlesim_s__rosidl_typesupport_c.cpython-310-aarch64-linux-gnu.so" to ""
[30.264s] -- Installing: /home/avinash/ros2_ws/install/turtlesim/lib/libturtlesim__rosidl_generator_py.so
[30.264s] -- Set runtime path of "/home/avinash/ros2_ws/install/turtlesim/lib/libturtlesim__rosidl_generator_py.so" to ""
[30.264s] -- Installing: /home/avinash/ros2_ws/install/turtlesim/share/turtlesim/action/RotateAbsolute.idl
[30.264s] -- Installing: /home/avinash/ros2_ws/install/turtlesim/share/turtlesim/msg/Color.idl
[30.265s] -- Installing: /home/avinash/ros2_ws/install/turtlesim/share/turtlesim/msg/Pose.idl
[30.265s] -- Installing: /home/avinash/ros2_ws/install/turtlesim/share/turtlesim/srv/Kill.idl
[30.265s] -- Installing: /home/avinash/ros2_ws/install/turtlesim/share/turtlesim/srv/SetPen.idl
[30.265s] -- Installing: /home/avinash/ros2_ws/install/turtlesim/share/turtlesim/srv/Spawn.idl
[30.265s] -- Installing: /home/avinash/ros2_ws/install/turtlesim/share/turtlesim/srv/TeleportAbsolute.idl
[30.265s] -- Installing: /home/avinash/ros2_ws/install/turtlesim/share/turtlesim/srv/TeleportRelative.idl
[30.265s] -- Installing: /home/avinash/ros2_ws/install/turtlesim/share/turtlesim/action/RotateAbsolute.action
[30.265s] -- Installing: /home/avinash/ros2_ws/install/turtlesim/share/turtlesim/msg/Color.msg
[30.265s] -- Installing: /home/avinash/ros2_ws/install/turtlesim/share/turtlesim/msg/Pose.msg
[30.265s] -- Installing: /home/avinash/ros2_ws/install/turtlesim/share/turtlesim/srv/Kill.srv
[30.265s] -- Installing: /home/avinash/ros2_ws/install/turtlesim/share/turtlesim/srv/Kill_Request.msg
[30.266s] -- Installing: /home/avinash/ros2_ws/install/turtlesim/share/turtlesim/srv/Kill_Response.msg
[30.266s] -- Installing: /home/avinash/ros2_ws/install/turtlesim/share/turtlesim/srv/SetPen.srv
[30.266s] -- Installing: /home/avinash/ros2_ws/install/turtlesim/share/turtlesim/srv/SetPen_Request.msg
[30.266s] -- Installing: /home/avinash/ros2_ws/install/turtlesim/share/turtlesim/srv/SetPen_Response.msg
[30.266s] -- Installing: /home/avinash/ros2_ws/install/turtlesim/share/turtlesim/srv/Spawn.srv
[30.266s] -- Installing: /home/avinash/ros2_ws/install/turtlesim/share/turtlesim/srv/Spawn_Request.msg
[30.266s] -- Installing: /home/avinash/ros2_ws/install/turtlesim/share/turtlesim/srv/Spawn_Response.msg
[30.266s] -- Installing: /home/avinash/ros2_ws/install/turtlesim/share/turtlesim/srv/TeleportAbsolute.srv
[30.266s] -- Installing: /home/avinash/ros2_ws/install/turtlesim/share/turtlesim/srv/TeleportAbsolute_Request.msg
[30.266s] -- Installing: /home/avinash/ros2_ws/install/turtlesim/share/turtlesim/srv/TeleportAbsolute_Response.msg
[30.266s] -- Installing: /home/avinash/ros2_ws/install/turtlesim/share/turtlesim/srv/TeleportRelative.srv
[30.266s] -- Installing: /home/avinash/ros2_ws/install/turtlesim/share/turtlesim/srv/TeleportRelative_Request.msg
[30.267s] -- Installing: /home/avinash/ros2_ws/install/turtlesim/share/turtlesim/srv/TeleportRelative_Response.msg
[30.267s] -- Installing: /home/avinash/ros2_ws/install/turtlesim/lib/turtlesim/turtlesim_node
[30.273s] -- Set runtime path of "/home/avinash/ros2_ws/install/turtlesim/lib/turtlesim/turtlesim_node" to ""
[30.273s] -- Installing: /home/avinash/ros2_ws/install/turtlesim/lib/turtlesim/turtle_teleop_key
[30.275s] -- Set runtime path of "/home/avinash/ros2_ws/install/turtlesim/lib/turtlesim/turtle_teleop_key" to ""
[30.275s] -- Installing: /home/avinash/ros2_ws/install/turtlesim/lib/turtlesim/draw_square
[30.280s] -- Set runtime path of "/home/avinash/ros2_ws/install/turtlesim/lib/turtlesim/draw_square" to ""
[30.280s] -- Installing: /home/avinash/ros2_ws/install/turtlesim/lib/turtlesim/mimic
[30.283s] -- Set runtime path of "/home/avinash/ros2_ws/install/turtlesim/lib/turtlesim/mimic" to ""
[30.283s] -- Installing: /home/avinash/ros2_ws/install/turtlesim/share/turtlesim/images
[30.283s] -- Installing: /home/avinash/ros2_ws/install/turtlesim/share/turtlesim/images/ardent.png
[30.283s] -- Installing: /home/avinash/ros2_ws/install/turtlesim/share/turtlesim/images/rolling.png
[30.283s] -- Installing: /home/avinash/ros2_ws/install/turtlesim/share/turtlesim/images/eloquent.png
[30.283s] -- Installing: /home/avinash/ros2_ws/install/turtlesim/share/turtlesim/images/bouncy.png
[30.283s] -- Installing: /home/avinash/ros2_ws/install/turtlesim/share/turtlesim/images/galactic.png
[30.284s] -- Installing: /home/avinash/ros2_ws/install/turtlesim/share/turtlesim/images/humble.png
[30.284s] -- Installing: /home/avinash/ros2_ws/install/turtlesim/share/turtlesim/images/crystal.png
[30.284s] -- Installing: /home/avinash/ros2_ws/install/turtlesim/share/turtlesim/images/foxy.png
[30.284s] -- Installing: /home/avinash/ros2_ws/install/turtlesim/share/turtlesim/images/dashing.png
[30.284s] -- Installing: /home/avinash/ros2_ws/install/turtlesim/share/turtlesim/launch
[30.284s] -- Installing: /home/avinash/ros2_ws/install/turtlesim/share/turtlesim/launch/multisim.launch.py
[30.284s] -- Installing: /home/avinash/ros2_ws/install/turtlesim/share/ament_index/resource_index/package_run_dependencies/turtlesim
[30.284s] -- Installing: /home/avinash/ros2_ws/install/turtlesim/share/ament_index/resource_index/parent_prefix_path/turtlesim
[30.284s] -- Installing: /home/avinash/ros2_ws/install/turtlesim/share/turtlesim/environment/ament_prefix_path.sh
[30.284s] -- Installing: /home/avinash/ros2_ws/install/turtlesim/share/turtlesim/environment/ament_prefix_path.dsv
[30.284s] -- Installing: /home/avinash/ros2_ws/install/turtlesim/share/turtlesim/environment/path.sh
[30.284s] -- Installing: /home/avinash/ros2_ws/install/turtlesim/share/turtlesim/environment/path.dsv
[30.284s] -- Installing: /home/avinash/ros2_ws/install/turtlesim/share/turtlesim/local_setup.bash
[30.285s] -- Installing: /home/avinash/ros2_ws/install/turtlesim/share/turtlesim/local_setup.sh
[30.285s] -- Installing: /home/avinash/ros2_ws/install/turtlesim/share/turtlesim/local_setup.zsh
[30.285s] -- Installing: /home/avinash/ros2_ws/install/turtlesim/share/turtlesim/local_setup.dsv
[30.285s] -- Installing: /home/avinash/ros2_ws/install/turtlesim/share/turtlesim/package.dsv
[30.285s] -- Installing: /home/avinash/ros2_ws/install/turtlesim/share/ament_index/resource_index/packages/turtlesim
[30.285s] -- Installing: /home/avinash/ros2_ws/install/turtlesim/share/turtlesim/cmake/export_turtlesim__rosidl_generator_cExport.cmake
[30.285s] -- Installing: /home/avinash/ros2_ws/install/turtlesim/share/turtlesim/cmake/export_turtlesim__rosidl_generator_cExport-noconfig.cmake
[30.285s] -- Installing: /home/avinash/ros2_ws/install/turtlesim/share/turtlesim/cmake/export_turtlesim__rosidl_typesupport_fastrtps_cExport.cmake
[30.285s] -- Installing: /home/avinash/ros2_ws/install/turtlesim/share/turtlesim/cmake/export_turtlesim__rosidl_typesupport_fastrtps_cExport-noconfig.cmake
[30.285s] -- Installing: /home/avinash/ros2_ws/install/turtlesim/share/turtlesim/cmake/export_turtlesim__rosidl_generator_cppExport.cmake
[30.285s] -- Installing: /home/avinash/ros2_ws/install/turtlesim/share/turtlesim/cmake/export_turtlesim__rosidl_typesupport_fastrtps_cppExport.cmake
[30.285s] -- Installing: /home/avinash/ros2_ws/install/turtlesim/share/turtlesim/cmake/export_turtlesim__rosidl_typesupport_fastrtps_cppExport-noconfig.cmake
[30.286s] -- Installing: /home/avinash/ros2_ws/install/turtlesim/share/turtlesim/cmake/turtlesim__rosidl_typesupport_introspection_cExport.cmake
[30.286s] -- Installing: /home/avinash/ros2_ws/install/turtlesim/share/turtlesim/cmake/turtlesim__rosidl_typesupport_introspection_cExport-noconfig.cmake
[30.286s] -- Installing: /home/avinash/ros2_ws/install/turtlesim/share/turtlesim/cmake/turtlesim__rosidl_typesupport_cExport.cmake
[30.286s] -- Installing: /home/avinash/ros2_ws/install/turtlesim/share/turtlesim/cmake/turtlesim__rosidl_typesupport_cExport-noconfig.cmake
[30.286s] -- Installing: /home/avinash/ros2_ws/install/turtlesim/share/turtlesim/cmake/turtlesim__rosidl_typesupport_introspection_cppExport.cmake
[30.286s] -- Installing: /home/avinash/ros2_ws/install/turtlesim/share/turtlesim/cmake/turtlesim__rosidl_typesupport_introspection_cppExport-noconfig.cmake
[30.286s] -- Installing: /home/avinash/ros2_ws/install/turtlesim/share/turtlesim/cmake/turtlesim__rosidl_typesupport_cppExport.cmake
[30.286s] -- Installing: /home/avinash/ros2_ws/install/turtlesim/share/turtlesim/cmake/turtlesim__rosidl_typesupport_cppExport-noconfig.cmake
[30.286s] -- Installing: /home/avinash/ros2_ws/install/turtlesim/share/turtlesim/cmake/export_turtlesim__rosidl_generator_pyExport.cmake
[30.287s] -- Installing: /home/avinash/ros2_ws/install/turtlesim/share/turtlesim/cmake/export_turtlesim__rosidl_generator_pyExport-noconfig.cmake
[30.287s] -- Installing: /home/avinash/ros2_ws/install/turtlesim/share/turtlesim/cmake/rosidl_cmake-extras.cmake
[30.287s] -- Installing: /home/avinash/ros2_ws/install/turtlesim/share/turtlesim/cmake/ament_cmake_export_dependencies-extras.cmake
[30.287s] -- Installing: /home/avinash/ros2_ws/install/turtlesim/share/turtlesim/cmake/ament_cmake_export_include_directories-extras.cmake
[30.287s] -- Installing: /home/avinash/ros2_ws/install/turtlesim/share/turtlesim/cmake/ament_cmake_export_libraries-extras.cmake
[30.287s] -- Installing: /home/avinash/ros2_ws/install/turtlesim/share/turtlesim/cmake/ament_cmake_export_targets-extras.cmake
[30.287s] -- Installing: /home/avinash/ros2_ws/install/turtlesim/share/turtlesim/cmake/rosidl_cmake_export_typesupport_targets-extras.cmake
[30.287s] -- Installing: /home/avinash/ros2_ws/install/turtlesim/share/turtlesim/cmake/rosidl_cmake_export_typesupport_libraries-extras.cmake
[30.287s] -- Installing: /home/avinash/ros2_ws/install/turtlesim/share/turtlesim/cmake/turtlesimConfig.cmake
[30.287s] -- Installing: /home/avinash/ros2_ws/install/turtlesim/share/turtlesim/cmake/turtlesimConfig-version.cmake
[30.287s] -- Installing: /home/avinash/ros2_ws/install/turtlesim/share/turtlesim/package.xml
[30.289s] Invoked command in '/home/avinash/ros2_ws/build/turtlesim' returned '0': CMAKE_PREFIX_PATH=/opt/ros/humble /usr/bin/cmake --install /home/avinash/ros2_ws/build/turtlesim
