running egg_info
writing ../../build/project/project.egg-info/PKG-INFO
writing dependency_links to ../../build/project/project.egg-info/dependency_links.txt
writing entry points to ../../build/project/project.egg-info/entry_points.txt
writing requirements to ../../build/project/project.egg-info/requires.txt
writing top-level names to ../../build/project/project.egg-info/top_level.txt
reading manifest file '../../build/project/project.egg-info/SOURCES.txt'
writing manifest file '../../build/project/project.egg-info/SOURCES.txt'
running build
running build_py
copying project/my_node.py -> /home/avinash/ros2_ws/build/project/build/lib/project
running install
running install_lib
copying /home/avinash/ros2_ws/build/project/build/lib/project/my_node.py -> /home/avinash/ros2_ws/install/project/lib/python3.10/site-packages/project
byte-compiling /home/avinash/ros2_ws/install/project/lib/python3.10/site-packages/project/my_node.py to my_node.cpython-310.pyc
running install_data
running install_egg_info
removing '/home/avinash/ros2_ws/install/project/lib/python3.10/site-packages/project-0.0.0-py3.10.egg-info' (and everything under it)
Copying ../../build/project/project.egg-info to /home/avinash/ros2_ws/install/project/lib/python3.10/site-packages/project-0.0.0-py3.10.egg-info
running install_scripts
Installing my_node script to /home/avinash/ros2_ws/install/project/lib/project
writing list of installed files to '/home/avinash/ros2_ws/build/project/install.log'
